<?xml version="1.0" encoding="UTF-8"?>
<!-- Generated by org.testng.reporters.JUnitReportReporter -->
<testsuite hostname="DESKTOP-DRNN7PA" failures="0" tests="5" name="testCases.TC003_LoginDDT" time="54.429" errors="0" timestamp="2024-08-26T19:02:51 IST" skipped="0">
  <testcase classname="testCases.TC003_LoginDDT" name="loginData" time="5.647"/>
  <testcase classname="testCases.TC003_LoginDDT" name="loginData" time="14.195"/>
  <testcase classname="testCases.TC003_LoginDDT" name="loginData" time="14.834"/>
  <testcase classname="testCases.TC003_LoginDDT" name="loginData" time="5.440"/>
  <testcase classname="testCases.TC003_LoginDDT" name="loginData" time="14.313"/>
</testsuite> <!-- testCases.TC003_LoginDDT -->
