<?xml version="1.0" encoding="UTF-8"?>
<!-- Generated by org.testng.reporters.JUnitReportReporter -->
<testsuite hostname="DESKTOP-DRNN7PA" failures="0" tests="1" name="testCases.TC004_SearchProductTest" time="0.892" errors="0" timestamp="2024-09-06T17:00:21 IST" skipped="0">
  <testcase classname="testCases.TC004_SearchProductTest" name="verify_ProductSearch" time="0.892"/>
</testsuite> <!-- testCases.TC004_SearchProductTest -->
