<?xml version="1.0" encoding="UTF-8"?>
<!-- Generated by org.testng.reporters.JUnitReportReporter -->
<testsuite hostname="DESKTOP-DRNN7PA" failures="0" tests="1" name="testCases.TC001_AccountRegistrationTest" time="2.166" errors="0" timestamp="2024-08-30T11:13:45 IST" skipped="0">
  <testcase classname="testCases.TC001_AccountRegistrationTest" name="verify_account_registration" time="2.166"/>
</testsuite> <!-- testCases.TC001_AccountRegistrationTest -->
