<?xml version="1.0" encoding="UTF-8"?>
<!-- Generated by org.testng.reporters.JUnitReportReporter -->
<testsuite hostname="DESKTOP-DRNN7PA" failures="0" tests="1" name="testCases.TC002_LoginTest" time="1.372" errors="0" timestamp="2024-08-30T11:13:45 IST" skipped="0">
  <testcase classname="testCases.TC002_LoginTest" name="verify_Login" time="1.372"/>
</testsuite> <!-- testCases.TC002_LoginTest -->
