<?xml version="1.0" encoding="UTF-8"?>
<!-- Generated by org.testng.reporters.JUnitReportReporter -->
<testsuite hostname="DESKTOP-DRNN7PA" failures="0" tests="1" name="testCases.TC007_DeleteFromCart" time="2.047" errors="0" timestamp="2024-09-16T17:30:48 IST" skipped="0">
  <testcase classname="testCases.TC007_DeleteFromCart" name="Verify_DeleteFromCart" time="2.047"/>
</testsuite> <!-- testCases.TC007_DeleteFromCart -->
